<?xml version="1.0" encoding="UTF-8"?>
<!-- Generated by org.testng.reporters.JUnitReportReporter -->
<testsuite hostname="Arul-PC" name="com.test1.tests.MyaccountpageTest" tests="1" failures="0" timestamp="12 Feb 2019 15:24:53 GMT" time="0.031" errors="0">
  <testcase name="Test2" time="0.031" classname="com.test1.tests.MyaccountpageTest"/>
</testsuite> <!-- com.test1.tests.MyaccountpageTest -->
